SF:lib/data/models/tv_model.dart
DA:7,4
DA:37,3
DA:39,3
DA:41,4
DA:42,2
DA:43,4
DA:44,2
DA:45,2
DA:46,4
DA:47,2
DA:48,2
DA:49,8
DA:50,8
DA:51,2
DA:52,2
DA:53,2
DA:54,2
DA:57,4
DA:58,2
DA:59,2
DA:60,2
DA:61,2
DA:62,2
DA:63,2
DA:64,2
DA:65,8
DA:66,8
DA:67,2
DA:68,2
DA:69,2
DA:70,2
DA:73,1
DA:74,1
DA:75,1
DA:76,1
DA:77,1
DA:78,1
DA:79,1
DA:80,1
DA:81,1
DA:82,1
DA:83,1
DA:84,1
DA:85,1
DA:86,1
DA:87,1
DA:91,1
DA:92,1
DA:93,1
DA:94,1
DA:95,1
DA:96,1
DA:97,1
DA:98,1
DA:99,1
DA:100,1
DA:101,1
DA:102,1
DA:103,1
DA:104,1
DA:105,1
LF:61
LH:61
end_of_record
SF:lib/domain/entitas/tv.dart
DA:4,7
DA:20,1
DA:41,2
DA:42,2
DA:43,2
DA:44,2
DA:45,2
DA:46,2
DA:47,2
DA:48,2
DA:49,2
DA:50,2
DA:51,2
DA:52,2
DA:53,2
DA:54,2
DA:55,2
LF:17
LH:17
end_of_record
SF:lib/data/models/tv_response.dart
DA:6,2
DA:18,0
DA:19,0
DA:22,3
DA:24,2
DA:25,1
DA:26,1
DA:27,2
DA:28,2
DA:31,1
DA:32,1
DA:35,2
DA:36,1
DA:37,1
DA:38,2
DA:39,2
DA:42,1
DA:43,1
DA:46,1
DA:47,1
DA:48,1
DA:49,1
DA:50,1
DA:51,1
LF:24
LH:22
end_of_record
SF:lib/data/models/tv_detail_response.dart
DA:10,1
DA:66,2
DA:67,1
DA:70,3
DA:72,1
DA:73,1
DA:74,1
DA:75,1
DA:76,2
DA:77,1
DA:80,2
DA:81,1
DA:82,2
DA:83,2
DA:86,1
DA:87,1
DA:88,1
DA:89,4
DA:90,2
DA:91,1
DA:92,1
DA:94,1
DA:95,1
DA:96,1
DA:97,1
DA:98,1
DA:99,3
DA:101,1
DA:102,1
DA:103,1
DA:104,2
DA:105,1
DA:106,1
DA:107,2
DA:108,2
DA:111,1
DA:112,1
DA:113,1
DA:114,2
DA:115,1
DA:118,2
DA:119,1
DA:120,4
DA:122,13
DA:123,1
DA:124,2
DA:125,2
DA:128,1
DA:129,1
DA:130,1
DA:131,4
DA:133,13
DA:134,2
DA:135,1
DA:136,1
DA:137,1
DA:138,1
DA:139,4
DA:140,1
DA:141,1
DA:142,1
DA:143,1
DA:144,1
DA:145,1
DA:146,1
DA:147,1
DA:148,1
DA:149,1
DA:152,1
DA:153,1
DA:154,1
DA:155,1
DA:156,1
DA:157,5
DA:158,1
DA:159,1
DA:160,1
DA:161,1
DA:162,1
DA:163,1
DA:164,1
DA:165,1
DA:166,1
DA:167,1
DA:168,1
DA:169,1
DA:170,1
DA:171,1
DA:172,1
DA:173,1
DA:174,1
DA:175,1
DA:176,5
DA:177,1
DA:178,1
DA:182,0
DA:183,0
DA:184,0
DA:185,0
DA:186,0
DA:187,0
DA:188,0
DA:189,0
DA:190,0
DA:191,0
DA:192,0
DA:193,0
DA:194,0
DA:195,0
DA:196,0
DA:197,0
DA:198,0
DA:199,0
DA:200,0
DA:201,0
DA:202,0
DA:203,0
DA:204,0
DA:205,0
DA:206,0
DA:207,0
DA:208,0
DA:209,0
LF:123
LH:95
end_of_record
SF:lib/domain/entitas/tv_detail.dart
DA:6,3
DA:60,0
DA:61,0
DA:62,0
DA:63,0
DA:64,0
DA:65,0
DA:66,0
DA:67,0
DA:68,0
DA:69,0
DA:70,0
DA:71,0
DA:72,0
DA:73,0
DA:74,0
DA:75,0
DA:76,0
DA:77,0
DA:78,0
DA:79,0
DA:80,0
DA:81,0
DA:82,0
DA:83,0
DA:84,0
DA:85,0
DA:86,0
LF:28
LH:1
end_of_record
SF:lib/data/models/genre_model.dart
DA:5,13
DA:13,4
DA:14,2
DA:15,2
DA:18,4
DA:19,2
DA:20,2
DA:23,8
DA:25,0
DA:26,0
LF:10
LH:8
end_of_record
SF:lib/domain/entitas/genre.dart
DA:4,3
DA:12,0
DA:13,0
LF:3
LH:1
end_of_record
SF:lib/data/models/last_to_air_model.dart
DA:6,2
DA:30,1
DA:31,2
DA:33,3
DA:35,2
DA:36,2
DA:37,4
DA:38,2
DA:39,2
DA:40,2
DA:41,2
DA:42,2
DA:43,2
DA:44,2
DA:45,4
DA:46,2
DA:49,4
DA:51,26
DA:52,2
DA:53,2
DA:54,2
DA:55,2
DA:56,2
DA:57,2
DA:58,2
DA:59,2
DA:60,2
DA:63,0
DA:64,0
DA:65,0
DA:66,0
DA:67,0
DA:68,0
DA:69,0
DA:70,0
DA:71,0
DA:72,0
DA:73,0
DA:74,0
LF:39
LH:27
end_of_record
SF:lib/data/models/session_model.dart
DA:7,13
DA:25,1
DA:26,2
DA:28,3
DA:30,4
DA:31,2
DA:32,2
DA:33,2
DA:34,2
DA:35,2
DA:36,2
DA:37,2
DA:40,2
DA:41,1
DA:42,1
DA:43,1
DA:44,1
DA:45,1
DA:46,1
DA:47,1
DA:50,2
DA:51,2
DA:52,2
DA:53,2
DA:54,2
DA:55,2
DA:56,2
DA:57,2
DA:58,2
DA:62,0
DA:63,0
DA:64,0
DA:65,0
DA:66,0
DA:67,0
DA:68,0
DA:69,0
DA:70,0
LF:38
LH:29
end_of_record
SF:lib/domain/entitas/session.dart
DA:4,2
DA:22,0
DA:23,0
DA:24,0
DA:25,0
DA:26,0
DA:27,0
DA:28,0
DA:29,0
DA:30,0
LF:10
LH:1
end_of_record
SF:lib/data/models/tv_table.dart
DA:11,12
DA:18,2
DA:19,1
DA:20,1
DA:21,1
DA:22,1
DA:25,2
DA:26,1
DA:27,1
DA:28,1
DA:29,1
DA:32,2
DA:33,1
DA:34,1
DA:35,1
DA:36,1
DA:39,2
DA:40,1
DA:41,1
DA:42,1
DA:43,1
DA:46,0
DA:47,0
DA:48,0
DA:49,0
DA:50,0
DA:51,0
LF:27
LH:21
end_of_record
SF:lib/domain/usecases/get_tv_recommendations.dart
DA:9,0
DA:11,0
DA:12,0
LF:3
LH:0
end_of_record
SF:lib/presentation/bloc/tv_recomendations/tv_recomendations_cubit.dart
DA:11,1
DA:13,2
DA:15,1
DA:16,2
DA:17,2
DA:19,1
DA:20,4
DA:21,3
LF:8
LH:8
end_of_record
SF:lib/presentation/bloc/tv_recomendations/tv_recomendations_state.dart
DA:4,2
DA:6,1
DA:7,1
DA:17,1
DA:25,2
LF:5
LH:5
end_of_record
SF:lib/domain/usecases/search_tv.dart
DA:9,0
DA:11,0
DA:12,0
LF:3
LH:0
end_of_record
SF:lib/domain/usecases/get_on_the_air_tv_shows.dart
DA:9,0
DA:11,0
DA:12,0
LF:3
LH:0
end_of_record
SF:lib/domain/usecases/get_popular_tv.dart
DA:9,0
DA:11,0
DA:12,0
LF:3
LH:0
end_of_record
SF:lib/domain/usecases/get_top_rated_tv.dart
DA:9,0
DA:11,0
DA:12,0
LF:3
LH:0
end_of_record
SF:lib/domain/usecases/get_watchlist_tv.dart
DA:9,0
DA:11,0
DA:12,0
LF:3
LH:0
end_of_record
SF:lib/domain/usecases/get_watchlist_tv_status.dart
DA:6,0
DA:8,0
DA:9,0
LF:3
LH:0
end_of_record
SF:lib/domain/usecases/remove_watchlist_tv.dart
DA:9,0
DA:11,0
DA:12,0
LF:3
LH:0
end_of_record
SF:lib/domain/usecases/save_watchlist_tv.dart
DA:9,0
DA:11,0
DA:12,0
LF:3
LH:0
end_of_record
SF:lib/presentation/bloc/tv_on_the_air/tv_on_the_air_state.dart
DA:4,2
DA:6,1
DA:7,1
DA:17,1
DA:25,2
LF:5
LH:5
end_of_record
SF:lib/presentation/bloc/tv_on_the_air/tv_on_the_air_cubit.dart
DA:11,1
DA:13,2
DA:15,1
DA:16,2
DA:17,2
DA:19,1
DA:20,4
DA:21,3
LF:8
LH:8
end_of_record
SF:lib/presentation/bloc/tv_populars/tv_populars_cubit.dart
DA:11,1
DA:13,2
DA:15,1
DA:16,2
DA:17,2
DA:19,1
DA:20,4
DA:21,3
LF:8
LH:8
end_of_record
SF:lib/presentation/bloc/tv_populars/tv_populars_state.dart
DA:4,2
DA:6,1
DA:7,1
DA:18,1
DA:26,2
LF:5
LH:5
end_of_record
SF:lib/presentation/bloc/tv_top_rated/tv_top_rated_state.dart
DA:4,2
DA:6,1
DA:7,1
DA:18,1
DA:26,2
LF:5
LH:5
end_of_record
SF:lib/presentation/bloc/tv_top_rated/tv_top_rated_cubit.dart
DA:11,1
DA:13,2
DA:15,1
DA:16,2
DA:18,2
DA:20,1
DA:21,4
DA:22,3
LF:8
LH:8
end_of_record
SF:lib/presentation/bloc/tv_search/tv_search_cubit.dart
DA:11,1
DA:13,2
DA:15,1
DA:16,2
DA:17,2
DA:19,1
DA:20,4
DA:21,3
LF:8
LH:8
end_of_record
SF:lib/presentation/bloc/tv_search/tv_search_state.dart
DA:4,2
DA:6,1
DA:7,1
DA:16,1
DA:20,1
DA:21,2
DA:27,2
DA:31,1
DA:32,2
LF:9
LH:9
end_of_record
SF:lib/presentation/bloc/tv_watchlist/tv_watchlist_state.dart
DA:4,2
DA:6,1
DA:7,1
DA:17,1
DA:25,2
LF:5
LH:5
end_of_record
SF:lib/presentation/bloc/tv_watchlist/tv_watchlist_cubit.dart
DA:11,1
DA:13,2
DA:15,1
DA:16,2
DA:17,2
DA:19,1
DA:20,4
DA:21,2
DA:22,1
LF:9
LH:9
end_of_record
SF:lib/presentation/bloc/tv_watchlist_status/tv_watchlist_status_state.dart
DA:4,8
DA:6,0
DA:7,0
DA:14,8
DA:19,1
DA:20,1
DA:21,1
DA:22,1
LF:8
LH:6
end_of_record
SF:lib/presentation/bloc/tv_watchlist_status/tv_watchlist_status_cubit.dart
DA:15,1
DA:19,1
DA:21,1
DA:22,2
DA:24,1
DA:25,4
DA:26,2
DA:27,1
DA:35,1
DA:36,2
DA:38,1
DA:39,2
DA:40,2
DA:42,2
DA:43,1
DA:51,1
DA:52,2
DA:53,2
LF:18
LH:18
end_of_record
