SF:lib/data/models/genre_model.dart
DA:5,31
DA:13,6
DA:14,3
DA:15,3
DA:18,4
DA:19,2
DA:20,2
DA:23,3
DA:24,9
DA:27,2
DA:28,6
LF:11
LH:11
end_of_record
SF:lib/data/models/movie_detail_model.dart
DA:6,29
DA:52,2
DA:53,2
DA:54,2
DA:55,2
DA:56,2
DA:57,2
DA:58,8
DA:59,2
DA:60,2
DA:61,2
DA:62,2
DA:63,2
DA:64,2
DA:65,4
DA:66,2
DA:67,2
DA:68,2
DA:69,2
DA:70,2
DA:71,2
DA:72,2
DA:73,2
DA:74,4
DA:75,2
DA:78,2
DA:79,1
DA:80,1
DA:81,1
DA:82,5
DA:83,1
DA:84,1
DA:85,1
DA:86,1
DA:87,1
DA:88,1
DA:89,1
DA:90,1
DA:91,1
DA:92,1
DA:93,1
DA:94,1
DA:95,1
DA:96,1
DA:97,1
DA:98,1
DA:99,1
DA:102,2
DA:103,2
DA:104,2
DA:105,2
DA:106,10
DA:107,2
DA:108,2
DA:109,2
DA:110,2
DA:111,2
DA:112,2
DA:113,2
DA:114,2
DA:115,2
DA:119,2
DA:121,2
DA:122,2
DA:123,2
DA:124,2
DA:125,2
DA:126,2
DA:127,2
DA:128,2
DA:129,2
DA:130,2
DA:131,2
DA:132,2
DA:133,2
DA:134,2
DA:135,2
DA:136,2
DA:137,2
DA:138,2
DA:139,2
DA:140,2
DA:141,2
DA:142,2
LF:84
LH:84
end_of_record
SF:lib/data/models/movie_model.dart
DA:5,30
DA:35,6
DA:36,3
DA:37,3
DA:38,12
DA:39,3
DA:40,3
DA:41,3
DA:42,6
DA:43,3
DA:44,3
DA:45,3
DA:46,3
DA:47,6
DA:48,3
DA:51,4
DA:52,2
DA:53,2
DA:54,8
DA:55,2
DA:56,2
DA:57,2
DA:58,2
DA:59,2
DA:60,2
DA:61,2
DA:62,2
DA:63,2
DA:64,2
DA:67,2
DA:68,2
DA:69,2
DA:70,2
DA:71,2
DA:72,2
DA:73,2
DA:74,2
DA:75,2
DA:76,2
DA:77,2
DA:78,2
DA:79,2
DA:80,2
DA:81,2
DA:85,3
DA:86,3
DA:87,3
DA:88,3
DA:89,3
DA:90,3
DA:91,3
DA:92,3
DA:93,3
DA:94,3
DA:95,3
DA:96,3
DA:97,3
DA:98,3
DA:99,3
LF:59
LH:59
end_of_record
SF:lib/data/models/movie_table.dart
DA:11,30
DA:18,4
DA:19,2
DA:20,2
DA:21,2
DA:22,2
DA:25,4
DA:26,2
DA:27,2
DA:28,2
DA:29,2
DA:32,4
DA:33,2
DA:34,2
DA:35,2
DA:36,2
DA:39,4
DA:40,2
DA:41,2
DA:42,2
DA:43,2
DA:46,2
DA:48,10
LF:23
LH:23
end_of_record
SF:lib/data/datasources/movie_local_data_source.dart
DA:16,1
DA:18,1
DA:21,2
DA:22,2
DA:25,2
DA:29,1
DA:32,2
DA:33,3
DA:36,2
DA:40,1
DA:42,2
DA:43,1
DA:46,1
DA:48,3
DA:51,1
DA:53,2
DA:54,1
DA:55,4
LF:18
LH:18
end_of_record
SF:lib/data/datasources/movie_remote_data_source.dart
DA:21,1
DA:26,1
DA:28,5
DA:29,4
DA:32,1
DA:34,5
DA:35,3
DA:38,1
DA:40,2
DA:41,3
DA:43,4
DA:46,1
DA:48,5
DA:49,4
DA:52,1
DA:54,5
DA:55,4
DA:58,1
DA:60,2
DA:61,3
DA:63,4
LF:21
LH:21
end_of_record
SF:lib/data/models/movie_response.dart
DA:7,3
DA:9,4
DA:10,2
DA:11,2
DA:12,6
DA:13,6
DA:17,2
DA:18,1
DA:19,2
DA:20,2
DA:25,1
DA:26,2
LF:12
LH:12
end_of_record
SF:lib/domain/entities/genre.dart
DA:4,30
DA:12,3
DA:13,9
LF:3
LH:3
end_of_record
SF:lib/domain/entities/movie_detail.dart
DA:5,29
DA:33,3
DA:34,3
DA:35,3
DA:36,3
DA:37,3
DA:38,3
DA:39,3
DA:40,3
DA:41,3
DA:42,3
DA:43,3
DA:44,3
DA:45,3
LF:14
LH:14
end_of_record
SF:lib/domain/entities/movie.dart
DA:4,19
DA:20,2
DA:41,7
DA:42,7
DA:43,7
DA:44,7
DA:45,7
DA:46,7
DA:47,7
DA:48,7
DA:49,7
DA:50,7
DA:51,7
DA:52,7
DA:53,7
DA:54,7
DA:55,7
LF:17
LH:17
end_of_record
SF:lib/data/repositories/movie_repository_impl.dart
DA:16,1
DA:23,1
DA:26,2
DA:27,5
DA:28,1
DA:29,3
DA:30,1
DA:31,3
DA:35,1
DA:38,2
DA:39,2
DA:40,1
DA:41,3
DA:42,1
DA:43,3
DA:47,1
DA:50,2
DA:51,3
DA:52,1
DA:53,3
DA:54,1
DA:55,3
DA:59,1
DA:62,2
DA:63,5
DA:64,1
DA:65,3
DA:66,1
DA:67,3
DA:71,1
DA:74,2
DA:75,5
DA:76,1
DA:77,3
DA:78,1
DA:79,3
DA:83,1
DA:86,2
DA:87,5
DA:88,1
DA:89,3
DA:90,1
DA:91,3
DA:95,1
DA:98,2
DA:99,1
DA:101,1
DA:102,1
DA:103,3
DA:107,1
DA:110,2
DA:111,1
DA:113,1
DA:114,1
DA:115,3
DA:119,1
DA:121,2
DA:125,1
DA:127,2
DA:128,5
LF:60
LH:60
end_of_record
SF:lib/domain/usecases/get_movie_detail.dart
DA:9,1
DA:11,1
DA:12,2
LF:3
LH:3
end_of_record
SF:lib/domain/usecases/get_movie_recommendations.dart
DA:9,1
DA:11,1
DA:12,2
LF:3
LH:3
end_of_record
SF:lib/domain/usecases/get_now_playing_movies.dart
DA:9,1
DA:11,1
DA:12,2
LF:3
LH:3
end_of_record
SF:lib/domain/usecases/get_popular_movies.dart
DA:9,1
DA:11,1
DA:12,2
LF:3
LH:3
end_of_record
SF:lib/domain/usecases/get_top_rated_movies.dart
DA:9,1
DA:11,1
DA:12,2
LF:3
LH:3
end_of_record
SF:lib/domain/usecases/get_watchlist_movies.dart
DA:9,1
DA:11,1
DA:12,2
LF:3
LH:3
end_of_record
SF:lib/domain/usecases/get_watchlist_status.dart
DA:6,1
DA:8,1
DA:9,2
LF:3
LH:3
end_of_record
SF:lib/domain/usecases/remove_watchlist.dart
DA:9,1
DA:11,1
DA:12,2
LF:3
LH:3
end_of_record
SF:lib/domain/usecases/save_watchlist.dart
DA:9,1
DA:11,1
DA:12,2
LF:3
LH:3
end_of_record
SF:lib/domain/usecases/search_movies.dart
DA:9,1
DA:11,1
DA:12,2
LF:3
LH:3
end_of_record
SF:lib/presentation/bloc/movie_detail/movie_detail_state.dart
DA:4,4
DA:6,1
DA:7,1
DA:17,3
DA:21,1
DA:22,2
DA:28,3
DA:30,1
DA:31,2
LF:9
LH:9
end_of_record
SF:lib/presentation/bloc/movie_detail/movie_detail_cubit.dart
DA:11,1
DA:13,2
DA:15,1
DA:16,2
DA:17,2
DA:19,1
DA:20,4
DA:21,3
LF:8
LH:8
end_of_record
SF:lib/presentation/bloc/now_playing_movie/now_playing_movie_state.dart
DA:4,4
DA:6,1
DA:7,1
DA:17,2
DA:19,1
DA:20,2
DA:26,3
DA:30,1
DA:31,2
LF:9
LH:9
end_of_record
SF:lib/presentation/bloc/now_playing_movie/now_playing_movie_cubit.dart
DA:11,1
DA:13,2
DA:15,1
DA:16,2
DA:17,2
DA:19,1
DA:20,4
DA:21,3
LF:8
LH:8
end_of_record
SF:lib/presentation/bloc/popular_movie/popular_movie_state.dart
DA:4,4
DA:6,0
DA:7,0
DA:15,2
DA:17,0
DA:18,0
DA:24,2
DA:28,0
DA:29,0
LF:9
LH:3
end_of_record
SF:lib/presentation/bloc/popular_movie/popular_movie_cubit.dart
DA:11,0
DA:13,0
DA:15,0
DA:16,0
DA:18,0
DA:19,0
DA:20,0
LF:7
LH:0
end_of_record
SF:lib/presentation/bloc/recomendation_movies/recommendation_movies_state.dart
DA:4,4
DA:6,1
DA:7,1
DA:17,3
DA:21,1
DA:22,2
DA:27,2
DA:31,1
DA:32,2
LF:9
LH:9
end_of_record
SF:lib/presentation/bloc/recomendation_movies/recommendation_movies_cubit.dart
DA:11,1
DA:13,2
DA:15,1
DA:16,2
DA:17,2
DA:19,1
DA:20,4
DA:21,3
LF:8
LH:8
end_of_record
SF:lib/presentation/bloc/search_movie/search_movie_cubit.dart
DA:11,1
DA:13,2
DA:15,1
DA:16,2
DA:17,2
DA:19,1
DA:20,4
DA:21,3
LF:8
LH:8
end_of_record
SF:lib/presentation/bloc/search_movie/search_movie_state.dart
DA:4,4
DA:6,1
DA:7,1
DA:15,3
DA:17,1
DA:18,1
DA:23,3
DA:25,1
DA:26,2
LF:9
LH:9
end_of_record
SF:lib/presentation/bloc/top_rated_movie/top_rated_movies_cubit.dart
DA:10,1
DA:12,2
DA:14,1
DA:15,2
DA:17,2
DA:19,1
DA:20,4
DA:21,3
LF:8
LH:8
end_of_record
SF:lib/presentation/bloc/top_rated_movie/top_rated_movies_state.dart
DA:4,6
DA:6,1
DA:7,1
DA:17,3
DA:19,1
DA:20,2
DA:26,4
DA:28,1
DA:29,2
LF:9
LH:9
end_of_record
SF:lib/presentation/bloc/watchlist_movie/watchlist_movie_state.dart
DA:4,4
DA:6,1
DA:7,1
DA:16,2
DA:18,1
DA:19,2
DA:25,3
DA:29,1
DA:30,2
LF:9
LH:9
end_of_record
SF:lib/presentation/bloc/watchlist_movie/watchlist_movie_cubit.dart
DA:11,1
DA:13,2
DA:15,1
DA:16,2
DA:18,2
DA:20,1
DA:21,4
DA:22,2
DA:23,1
LF:9
LH:9
end_of_record
SF:lib/presentation/bloc/watchlist_movie_status/watchlist_movie_status_cubit.dart
DA:15,1
DA:19,1
DA:21,1
DA:22,2
DA:24,1
DA:25,4
DA:26,2
DA:27,1
DA:35,1
DA:36,2
DA:38,1
DA:39,3
DA:40,1
DA:43,2
DA:44,1
DA:52,1
DA:53,2
DA:54,2
LF:18
LH:18
end_of_record
SF:lib/presentation/bloc/watchlist_movie_status/watchlist_movie_status_state.dart
DA:4,36
DA:6,0
DA:7,0
DA:14,36
DA:19,1
DA:20,3
LF:6
LH:4
end_of_record
SF:lib/presentation/pages/home_movie_page.dart
DA:19,1
DA:24,0
DA:25,1
DA:26,1
DA:30,1
DA:32,1
DA:33,2
DA:34,2
DA:35,1
DA:36,2
DA:37,1
DA:38,2
DA:39,1
DA:43,0
DA:45,1
DA:47,1
DA:48,1
DA:49,1
DA:50,0
DA:52,0
DA:54,0
DA:58,0
DA:60,0
DA:62,0
DA:64,0
DA:68,1
DA:70,1
DA:71,1
DA:72,0
DA:77,1
DA:79,1
DA:80,1
DA:82,1
DA:83,1
DA:85,1
DA:87,1
DA:88,1
DA:89,1
DA:90,1
DA:95,1
DA:96,1
DA:98,1
DA:100,1
DA:101,1
DA:103,1
DA:109,1
DA:111,0
DA:116,1
DA:117,1
DA:118,1
DA:119,1
DA:124,1
DA:125,1
DA:127,1
DA:129,1
DA:130,1
DA:132,1
DA:138,1
DA:140,0
DA:145,1
DA:146,1
DA:147,1
DA:148,1
DA:153,1
DA:154,1
DA:156,1
DA:158,1
DA:159,1
DA:161,1
DA:174,1
DA:175,1
DA:177,1
DA:178,1
DA:180,1
DA:182,1
DA:184,1
DA:186,1
LF:77
LH:65
end_of_record
SF:lib/presentation/pages/movie_detail_page.dart
DA:16,1
DA:18,1
DA:19,1
DA:23,1
DA:25,1
DA:26,1
DA:27,1
DA:28,2
DA:29,3
DA:30,2
DA:31,3
DA:32,2
DA:33,3
DA:38,1
DA:40,1
DA:41,1
DA:42,1
DA:43,1
DA:44,1
DA:48,1
DA:49,1
DA:50,1
DA:51,1
DA:54,1
DA:55,2
DA:67,2
DA:69,1
DA:71,3
DA:72,1
DA:73,1
DA:74,1
DA:75,1
DA:76,3
DA:78,1
DA:81,0
DA:83,1
DA:85,1
DA:86,1
DA:87,1
DA:97,1
DA:98,1
DA:99,1
DA:101,1
DA:103,1
DA:105,1
DA:106,1
DA:107,2
DA:108,1
DA:110,1
DA:113,0
DA:114,0
DA:115,0
DA:116,0
DA:117,0
DA:118,0
DA:123,1
DA:126,1
DA:127,1
DA:130,1
DA:131,0
DA:134,0
DA:137,0
DA:140,1
DA:142,1
DA:152,1
DA:153,3
DA:155,1
DA:156,3
DA:158,1
DA:159,1
DA:160,1
DA:161,3
DA:163,1
DA:169,4
DA:173,1
DA:175,1
DA:177,1
DA:178,2
DA:181,1
DA:183,1
DA:185,1
DA:187,1
DA:188,1
DA:189,1
DA:196,1
DA:197,1
DA:199,1
DA:204,1
DA:205,2
DA:206,1
DA:208,1
DA:209,0
DA:210,0
DA:213,0
DA:216,1
DA:221,1
DA:223,2
DA:224,1
DA:230,0
DA:237,2
DA:241,1
DA:242,2
DA:251,1
DA:253,1
DA:268,1
DA:270,1
DA:273,1
DA:275,0
DA:276,0
DA:285,1
DA:287,2
DA:288,3
DA:291,1
DA:295,3
DA:298,1
DA:299,1
DA:300,1
DA:302,1
DA:303,1
DA:305,0
LF:120
LH:103
end_of_record
SF:lib/presentation/pages/popular_movies_page.dart
DA:9,1
DA:11,1
DA:12,1
DA:16,1
DA:18,1
DA:19,1
DA:20,1
DA:21,2
DA:22,1
DA:27,1
DA:29,1
DA:30,1
DA:33,1
DA:35,1
DA:36,1
DA:37,1
DA:38,1
DA:42,1
DA:43,1
DA:44,1
DA:45,2
DA:46,1
DA:48,2
DA:50,1
DA:51,1
DA:53,2
LF:26
LH:26
end_of_record
SF:lib/presentation/pages/search_page.dart
DA:11,1
DA:13,1
DA:15,1
DA:16,1
DA:17,1
DA:20,1
DA:22,1
DA:24,1
DA:25,1
DA:26,0
DA:35,1
DA:37,1
DA:39,1
DA:40,1
DA:42,1
DA:43,1
DA:47,1
DA:48,2
DA:54,1
DA:56,1
DA:57,2
DA:58,1
DA:60,2
DA:62,1
DA:63,1
DA:64,2
DA:67,0
DA:68,0
LF:28
LH:25
end_of_record
SF:lib/presentation/pages/top_rated_movies_page.dart
DA:9,1
DA:11,1
DA:12,1
DA:16,1
DA:18,1
DA:19,2
DA:20,2
DA:21,1
DA:24,1
DA:26,1
DA:27,1
DA:30,1
DA:32,1
DA:33,1
DA:34,1
DA:35,1
DA:39,1
DA:40,1
DA:41,1
DA:42,2
DA:43,1
DA:45,2
DA:47,1
DA:48,1
DA:50,2
LF:25
LH:25
end_of_record
SF:lib/presentation/pages/watchlist_movies_page.dart
DA:9,1
DA:11,1
DA:12,1
DA:17,1
DA:19,1
DA:20,1
DA:21,3
DA:22,1
DA:26,1
DA:28,2
DA:29,1
DA:32,1
DA:34,4
DA:35,1
DA:38,0
DA:40,0
DA:41,0
DA:42,0
DA:45,1
DA:47,1
DA:49,1
DA:50,1
DA:51,1
DA:55,1
DA:56,2
DA:65,1
DA:66,1
DA:67,2
DA:68,1
DA:70,2
DA:72,1
DA:73,1
DA:75,1
DA:76,1
LF:34
LH:30
end_of_record
SF:lib/presentation/widgets/movie_list.dart
DA:10,1
DA:12,1
DA:14,1
DA:16,1
DA:18,1
DA:19,2
DA:20,1
DA:22,1
DA:23,0
DA:24,0
DA:27,0
DA:30,1
DA:32,1
DA:33,2
DA:34,1
DA:37,0
DA:43,2
LF:17
LH:13
end_of_record
SF:lib/presentation/widgets/movie_card_list.dart
DA:10,5
DA:12,5
DA:14,5
DA:16,5
DA:17,0
DA:18,0
DA:21,0
DA:24,5
DA:26,5
DA:27,5
DA:28,5
DA:34,5
DA:36,5
DA:37,5
DA:38,10
DA:41,5
DA:44,5
DA:45,10
DA:53,5
DA:58,5
DA:60,5
DA:61,15
DA:63,5
DA:66,0
LF:24
LH:20
end_of_record
